  演讲比赛流程管理系统.cpp
d:\c project\演讲比赛流程管理系统\演讲比赛流程管理系统\演讲比赛流程管理系统.cpp(101): warning C4018: “<”: 有符号/无符号不匹配
d:\c project\演讲比赛流程管理系统\演讲比赛流程管理系统\演讲比赛流程管理系统.cpp(160): warning C4018: “<”: 有符号/无符号不匹配
d:\c project\演讲比赛流程管理系统\演讲比赛流程管理系统\演讲比赛流程管理系统.cpp(276): warning C4018: “<”: 有符号/无符号不匹配
d:\vs2017\ide\vc\tools\msvc\14.16.27023\include\numeric(26): warning C4244: “=”: 从“double”转换到“_Ty”，可能丢失数据
          with
          [
              _Ty=float
          ]
  d:\vs2017\ide\vc\tools\msvc\14.16.27023\include\numeric(36): note: 参见对正在编译的函数 模板 实例化“_Ty std::accumulate<_InIt,_Ty,std::plus<void>>(const _InIt,const _InIt,_Ty,_Fn)”的引用
          with
          [
              _Ty=float,
              _InIt=std::_Deque_iterator<std::_Deque_val<std::_Deque_simple_types<double>>>,
              _Fn=std::plus<void>
          ]
  d:\c project\演讲比赛流程管理系统\演讲比赛流程管理系统\演讲比赛流程管理系统.cpp(111): note: 参见对正在编译的函数 模板 实例化“_Ty std::accumulate<std::_Deque_iterator<std::_Deque_val<std::_Deque_simple_types<double>>>,float>(const _InIt,const _InIt,_Ty)”的引用
          with
          [
              _Ty=float,
              _InIt=std::_Deque_iterator<std::_Deque_val<std::_Deque_simple_types<double>>>
          ]
  演讲比赛流程管理系统.vcxproj -> D:\C Project\演讲比赛流程管理系统\Debug\演讲比赛流程管理系统.exe
